<?xml version="1.0" encoding="UTF-8"?>
<testsuite name="com.kakaopay.task.SettlementApplicationTests" tests="1" skipped="0" failures="0" errors="0" timestamp="2023-10-29T06:46:00" hostname="anseung-ils-MacBook-Pro.local" time="0.364">
  <properties/>
  <testcase name="contextLoads()" classname="com.kakaopay.task.SettlementApplicationTests" time="0.364"/>
  <system-out><![CDATA[15:45:54.703 [Test worker] DEBUG org.springframework.boot.test.context.SpringBootTestContextBootstrapper -- Neither @ContextConfiguration nor @ContextHierarchy found for test class [SettlementApplicationTests]: using SpringBootContextLoader
15:45:54.711 [Test worker] DEBUG org.springframework.test.context.support.AbstractContextLoader -- Could not detect default resource locations for test class [com.kakaopay.task.SettlementApplicationTests]: no resource found for suffixes {-context.xml, Context.groovy}.
15:45:54.711 [Test worker] INFO org.springframework.test.context.support.AnnotationConfigContextLoaderUtils -- Could not detect default configuration classes for test class [com.kakaopay.task.SettlementApplicationTests]: SettlementApplicationTests does not declare any static, non-private, non-final, nested classes annotated with @Configuration.
15:45:54.746 [Test worker] DEBUG org.springframework.boot.test.context.SpringBootTestContextBootstrapper -- Using ContextCustomizers for test class [SettlementApplicationTests]: [DisableObservabilityContextCustomizer, PropertyMappingContextCustomizer, WebDriverContextCustomizer, ExcludeFilterContextCustomizer, DuplicateJsonObjectContextCustomizer, MockitoContextCustomizer, TestRestTemplateContextCustomizer]
15:45:54.879 [Test worker] DEBUG org.springframework.context.annotation.ClassPathScanningCandidateComponentProvider -- Identified candidate component class: file [/Users/SeungIl/Desktop/settlement/build/classes/java/main/com/kakaopay/task/SettlementApplication.class]
15:45:54.883 [Test worker] INFO org.springframework.boot.test.context.SpringBootTestContextBootstrapper -- Found @SpringBootConfiguration com.kakaopay.task.SettlementApplication for test class com.kakaopay.task.SettlementApplicationTests
15:45:54.991 [Test worker] DEBUG org.springframework.test.context.util.TestContextSpringFactoriesUtils -- Skipping candidate TestExecutionListener [org.springframework.test.context.observation.MicrometerObservationRegistryTestExecutionListener] due to a missing dependency. Specify custom TestExecutionListener classes or make the default TestExecutionListener classes and their required dependencies available. Offending class: io.micrometer.context.ThreadLocalAccessor. MicrometerObservationRegistryTestExecutionListener requires io.micrometer:micrometer-observation:1.10.8 or higher and io.micrometer:context-propagation:1.0.3 or higher.
15:45:55.011 [Test worker] DEBUG org.springframework.boot.test.context.SpringBootTestContextBootstrapper -- Using TestExecutionListeners for test class [SettlementApplicationTests]: [ServletTestExecutionListener, DirtiesContextBeforeModesTestExecutionListener, ApplicationEventsTestExecutionListener, MockitoTestExecutionListener, DependencyInjectionTestExecutionListener, DirtiesContextTestExecutionListener, TransactionalTestExecutionListener, SqlScriptsTestExecutionListener, WithSecurityContextTestExecutionListener, EventPublishingTestExecutionListener, ReactorContextTestExecutionListener, RestDocsTestExecutionListener, MockRestServiceServerResetTestExecutionListener, MockMvcPrintOnlyOnFailureTestExecutionListener, WebDriverTestExecutionListener, MockWebServiceServerTestExecutionListener, ResetMocksTestExecutionListener]
15:45:55.017 [Test worker] DEBUG org.springframework.test.context.support.DirtiesContextBeforeModesTestExecutionListener -- Before test class: class [SettlementApplicationTests], class annotated with @DirtiesContext [false] with mode [null]

  .   ____          _            __ _ _
 /\\ / ___'_ __ _ _(_)_ __  __ _ \ \ \ \
( ( )\___ | '_ | '_| | '_ \/ _` | \ \ \ \
 \\/  ___)| |_)| | | | | || (_| |  ) ) ) )
  '  |____| .__|_| |_|_| |_\__, | / / / /
 =========|_|==============|___/=/_/_/_/
 :: Spring Boot ::               (v3.0.12)

2023-10-29T15:45:55.530+09:00  INFO 46443 --- [    Test worker] c.k.task.SettlementApplicationTests      : Starting SettlementApplicationTests using Java 17.0.9 with PID 46443 (started by SeungIl in /Users/SeungIl/Desktop/settlement)
2023-10-29T15:45:55.532+09:00  INFO 46443 --- [    Test worker] c.k.task.SettlementApplicationTests      : No active profile set, falling back to 1 default profile: "default"
2023-10-29T15:45:56.828+09:00  INFO 46443 --- [    Test worker] .s.d.r.c.RepositoryConfigurationDelegate : Bootstrapping Spring Data JPA repositories in DEFAULT mode.
2023-10-29T15:45:57.003+09:00  INFO 46443 --- [    Test worker] .s.d.r.c.RepositoryConfigurationDelegate : Finished Spring Data repository scanning in 168 ms. Found 3 JPA repository interfaces.
2023-10-29T15:45:57.810+09:00  INFO 46443 --- [    Test worker] com.zaxxer.hikari.HikariDataSource       : HikariPool-1 - Starting...
2023-10-29T15:45:58.005+09:00  INFO 46443 --- [    Test worker] com.zaxxer.hikari.pool.HikariPool        : HikariPool-1 - Added connection conn0: url=jdbc:h2:mem:1a5bcbbc-9c9c-49dc-ba02-2b1611a2f4d6 user=SA
2023-10-29T15:45:58.007+09:00  INFO 46443 --- [    Test worker] com.zaxxer.hikari.HikariDataSource       : HikariPool-1 - Start completed.
2023-10-29T15:45:58.079+09:00  INFO 46443 --- [    Test worker] o.hibernate.jpa.internal.util.LogHelper  : HHH000204: Processing PersistenceUnitInfo [name: default]
2023-10-29T15:45:58.118+09:00  INFO 46443 --- [    Test worker] org.hibernate.Version                    : HHH000412: Hibernate ORM core version 6.1.7.Final
2023-10-29T15:45:58.527+09:00  INFO 46443 --- [    Test worker] SQL dialect                              : HHH000400: Using dialect: org.hibernate.dialect.H2Dialect
Hibernate: 
    
    drop table if exists "room" cascade 
Hibernate: 
    
    drop table if exists "settlement_detail" cascade 
Hibernate: 
    
    drop table if exists "settlement_request" cascade 
Hibernate: 
    
    drop table if exists "user" cascade 
Hibernate: 
    
    create table "room" (
       "id" bigint generated by default as identity,
        "created_at" timestamp(6) with time zone,
        "updated_at" timestamp(6) with time zone,
        primary key ("id")
    )
Hibernate: 
    
    create table "settlement_detail" (
       "id" bigint generated by default as identity,
        "created_at" timestamp(6) with time zone,
        "updated_at" timestamp(6) with time zone,
        "amount" bigint,
        "last_remind_at" timestamp(6) with time zone,
        "receive_user_id" bigint,
        "settled_at" timestamp(6) with time zone,
        "settlement_request_id" bigint,
        "status" varchar(255),
        primary key ("id")
    )
Hibernate: 
    
    create table "settlement_request" (
       "id" bigint generated by default as identity,
        "created_at" timestamp(6) with time zone,
        "updated_at" timestamp(6) with time zone,
        "request_user_id" bigint,
        "requested_at" timestamp(6) with time zone,
        "settled_at" timestamp(6) with time zone,
        "status" varchar(255),
        "total_amount" bigint,
        "total_receiver_count" integer,
        primary key ("id")
    )
Hibernate: 
    
    create table "user" (
       "id" bigint generated by default as identity,
        "created_at" timestamp(6) with time zone,
        "updated_at" timestamp(6) with time zone,
        "name" varchar(255),
        "profile_image_url" varchar(255),
        primary key ("id")
    )
2023-10-29T15:45:59.391+09:00  INFO 46443 --- [    Test worker] o.h.e.t.j.p.i.JtaPlatformInitiator       : HHH000490: Using JtaPlatform implementation: [org.hibernate.engine.transaction.jta.platform.internal.NoJtaPlatform]
2023-10-29T15:45:59.398+09:00  INFO 46443 --- [    Test worker] j.LocalContainerEntityManagerFactoryBean : Initialized JPA EntityManagerFactory for persistence unit 'default'
2023-10-29T15:46:00.177+09:00  WARN 46443 --- [    Test worker] JpaBaseConfiguration$JpaWebConfiguration : spring.jpa.open-in-view is enabled by default. Therefore, database queries may be performed during view rendering. Explicitly configure spring.jpa.open-in-view to disable this warning
2023-10-29T15:46:00.884+09:00  INFO 46443 --- [    Test worker] c.k.task.SettlementApplicationTests      : Started SettlementApplicationTests in 5.792 seconds (process running for 7.573)
]]></system-out>
  <system-err><![CDATA[]]></system-err>
</testsuite>
